<?xml version="1.0" encoding="UTF-8"?>
<robot generator="Robot 3.0.2 (Python 3.6.3 on win32)" generated="20180630 14:49:46.746">
<suite id="s1" name="Class08 If" source="D:\PycharmProjects\pythonLessonDemo\class08_if.robot">
<test id="s1-t1" name="case3">
<kw name="Create List" library="BuiltIn">
<doc>Returns a list containing given items.</doc>
<arguments>
<arg>10</arg>
<arg>11</arg>
<arg>12</arg>
</arguments>
<assign>
<var>@{list}</var>
</assign>
<msg timestamp="20180630 14:49:46.918" level="INFO">@{list} = [ 10 | 11 | 12 ]</msg>
<status status="PASS" starttime="20180630 14:49:46.918" endtime="20180630 14:49:46.918"></status>
</kw>
<kw name="${i} IN [ @{list} ]" type="for">
<kw name="${i} = 10" type="foritem">
<kw name="Run Keyword If" library="BuiltIn">
<doc>Runs the given keyword with the given arguments, if ``condition`` is true.</doc>
<arguments>
<arg>${i}%2==0</arg>
<arg>log</arg>
<arg>oushu</arg>
<arg>ELSE</arg>
<arg>log</arg>
<arg>jishu</arg>
</arguments>
<kw name="Log" library="BuiltIn">
<doc>Logs the given message with the given level.</doc>
<arguments>
<arg>oushu</arg>
</arguments>
<msg timestamp="20180630 14:49:46.918" level="INFO">oushu</msg>
<status status="PASS" starttime="20180630 14:49:46.918" endtime="20180630 14:49:46.918"></status>
</kw>
<status status="PASS" starttime="20180630 14:49:46.918" endtime="20180630 14:49:46.918"></status>
</kw>
<status status="PASS" starttime="20180630 14:49:46.918" endtime="20180630 14:49:46.918"></status>
</kw>
<kw name="${i} = 11" type="foritem">
<kw name="Run Keyword If" library="BuiltIn">
<doc>Runs the given keyword with the given arguments, if ``condition`` is true.</doc>
<arguments>
<arg>${i}%2==0</arg>
<arg>log</arg>
<arg>oushu</arg>
<arg>ELSE</arg>
<arg>log</arg>
<arg>jishu</arg>
</arguments>
<kw name="Log" library="BuiltIn">
<doc>Logs the given message with the given level.</doc>
<arguments>
<arg>jishu</arg>
</arguments>
<msg timestamp="20180630 14:49:46.918" level="INFO">jishu</msg>
<status status="PASS" starttime="20180630 14:49:46.918" endtime="20180630 14:49:46.918"></status>
</kw>
<status status="PASS" starttime="20180630 14:49:46.918" endtime="20180630 14:49:46.918"></status>
</kw>
<status status="PASS" starttime="20180630 14:49:46.918" endtime="20180630 14:49:46.918"></status>
</kw>
<kw name="${i} = 12" type="foritem">
<kw name="Run Keyword If" library="BuiltIn">
<doc>Runs the given keyword with the given arguments, if ``condition`` is true.</doc>
<arguments>
<arg>${i}%2==0</arg>
<arg>log</arg>
<arg>oushu</arg>
<arg>ELSE</arg>
<arg>log</arg>
<arg>jishu</arg>
</arguments>
<kw name="Log" library="BuiltIn">
<doc>Logs the given message with the given level.</doc>
<arguments>
<arg>oushu</arg>
</arguments>
<msg timestamp="20180630 14:49:46.918" level="INFO">oushu</msg>
<status status="PASS" starttime="20180630 14:49:46.918" endtime="20180630 14:49:46.918"></status>
</kw>
<status status="PASS" starttime="20180630 14:49:46.918" endtime="20180630 14:49:46.918"></status>
</kw>
<status status="PASS" starttime="20180630 14:49:46.918" endtime="20180630 14:49:46.918"></status>
</kw>
<status status="PASS" starttime="20180630 14:49:46.918" endtime="20180630 14:49:46.918"></status>
</kw>
<status status="PASS" starttime="20180630 14:49:46.918" endtime="20180630 14:49:46.918" critical="yes"></status>
</test>
<doc>Suite description</doc>
<status status="PASS" starttime="20180630 14:49:46.762" endtime="20180630 14:49:46.918"></status>
</suite>
<statistics>
<total>
<stat pass="1" fail="0">Critical Tests</stat>
<stat pass="1" fail="0">All Tests</stat>
</total>
<tag>
</tag>
<suite>
<stat pass="1" fail="0" id="s1" name="Class08 If">Class08 If</stat>
</suite>
</statistics>
<errors>
</errors>
</robot>
